Datetime: 2023-11-19T08:40:04.540Z
Success: {
    "studentData": {
        "document_title": "CERTIFICATEOFREGISTRATION",
        "campus": "USTP CDO CAMPUS",
        "registration_no": "375433",
        "id": "2023302399",
        "name": "BONDOC, Nash Andrew Y",
        "gender": "M",
        "age": "18",
        "college": "COLLEGE OF INFORMATION TECHNOLOGY AND COMPUTING",
        "department": "B.S. in Computer Science",
        "major": "N/A",
        "year_level": "1st Year - Baccalaureate",
        "curriculum": "BSCS-SY:2022-2023",
        "academic_year": "1st Semester AY 2023-2024",
        "scholarship": "N/A",
        "nationality": "Filipino",
        "contact": "N/A"
    },
    "subjectData": [
        {
            "subject": "Mathematics in the Modern World",
            "lecture": "3",
            "laboratory": "0",
            "credit": "3",
            "code": "MMW",
            "section": "CS1B",
            "schedule": [
                {
                    "instructor": "Christy  Jugan",
                    "weekday": "T",
                    "timeStart": "10:30 AM",
                    "timeEnd": "12:00 PM",
                    "room": ""
                },
                {
                    "instructor": "Christy  Jugan",
                    "weekday": "F",
                    "timeStart": "10:30 AM",
                    "timeEnd": "12:00 PM",
                    "room": ""
                }
            ]
        },
        {
            "subject": "Purposive Communication",
            "lecture": "3",
            "laboratory": "0",
            "credit": "3",
            "code": "PurCom",
            "section": "CS1B",
            "schedule": [
                {
                    "instructor": "Mary Lalainne  Park",
                    "weekday": "Th",
                    "timeStart": "6:00 PM",
                    "timeEnd": "7:30 PM",
                    "room": ""
                },
                {
                    "instructor": "Mary Lalainne  Park",
                    "weekday": "S",
                    "timeStart": "7:30 PM",
                    "timeEnd": "9:00 PM",
                    "room": ""
                }
            ]
        },
        {
            "subject": "The Contemporary World",
            "lecture": "3",
            "laboratory": "0",
            "credit": "3",
            "code": "TCW",
            "section": "CS1B",
            "schedule": [
                {
                    "instructor": "Ms. RC Tsini   Solis II",
                    "weekday": "W",
                    "timeStart": "6:00 PM",
                    "timeEnd": "9:00 PM",
                    "room": ""
                }
            ]
        },
        {
            "subject": "Readings in Philippine History",
            "lecture": "3",
            "laboratory": "0",
            "credit": "3",
            "code": "RPH",
            "section": "CS1B",
            "schedule": [
                {
                    "instructor": "June Merriam  . Peliño",
                    "weekday": "T",
                    "timeStart": "1:30 PM",
                    "timeEnd": "3:00 PM",
                    "room": ""
                },
                {
                    "instructor": "June Merriam  . Peliño",
                    "weekday": "F",
                    "timeStart": "1:30 PM",
                    "timeEnd": "3:00 PM",
                    "room": ""
                }
            ]
        },
        {
            "subject": "Movement Enhancement",
            "lecture": "2",
            "laboratory": "0",
            "credit": "2",
            "code": "PATH FIT 1",
            "section": "CS1B",
            "schedule": [
                {
                    "instructor": "Rhea Shainne A. Quiboy",
                    "weekday": "M",
                    "timeStart": "1:00 PM",
                    "timeEnd": "3:00 PM",
                    "room": ""
                }
            ]
        },
        {
            "subject": "Introduction to Computing",
            "lecture": "2",
            "laboratory": "1",
            "credit": "3",
            "code": "CS111",
            "section": "CS1B",
            "schedule": [
                {
                    "instructor": "Joie Ann  Mac",
                    "weekday": "Th",
                    "timeStart": "1:30 PM",
                    "timeEnd": "4:30 PM",
                    "room": ""
                },
                {
                    "instructor": "Joie Ann  Mac",
                    "weekday": "M",
                    "timeStart": "4:30 PM",
                    "timeEnd": "6:30 PM",
                    "room": ""
                }
            ]
        },
        {
            "subject": "Computer Programming 1",
            "lecture": "2",
            "laboratory": "1",
            "credit": "3",
            "code": "CS112",
            "section": "CS1B",
            "schedule": [
                {
                    "instructor": "Marylene S. Eder",
                    "weekday": "W",
                    "timeStart": "7:30 AM",
                    "timeEnd": "10:30 AM",
                    "room": "/09-306(ICT Lab6[45])"
                },
                {
                    "instructor": "Marylene S. Eder",
                    "weekday": "F",
                    "timeStart": "7:00 PM",
                    "timeEnd": "9:00 PM",
                    "room": ""
                }
            ]
        },
        {
            "subject": "Reserve Officers' Training Corps 1",
            "lecture": "3",
            "laboratory": "0",
            "credit": "3",
            "code": "NSTP101a",
            "section": "CS1B",
            "schedule": [
                {
                    "instructor": "Elgin T. Mansa",
                    "weekday": "S",
                    "timeStart": "8:00 AM",
                    "timeEnd": "12:00 PM",
                    "room": ""
                }
            ]
        }
    ]
}
